  복원할 프로젝트를 확인하는 중...
  복원할 모든 프로젝트가 최신 상태입니다.
  XStateNet2.Core -> C:\Develop25\XStateNet\XStateNet2\XStateNet2.Core\bin\Debug\net8.0\XStateNet2.Core.dll
  LoggerHelper -> C:\Develop25\XStateNet\LoggerHelper\bin\Debug\net8.0\LoggerHelper.dll
  XStateNet -> C:\Develop25\XStateNet\XStateNet5Impl\bin\Debug\net8.0\XStateNet.dll
  SemiStandard -> C:\Develop25\XStateNet\SemiStandard\bin\Debug\net8.0\SemiStandard.dll
  CMPSimulator -> C:\Develop25\XStateNet\CMPSimulator\bin\Debug\net8.0-windows\CMPSimulator.dll
  CMPSimXS2 -> C:\Develop25\XStateNet\XStateNet2\CMPSimXS2\bin\Debug\net8.0-windows\CMPSimXS2.dll
C:\Develop25\XStateNet\XStateNet2\XStateNet2.Tests\CMPSimulator\BufferMachineTests.cs(84,68): warning CS8625: Null 리터럴을 null을 허용하지 않는 참조 형식으로 변환할 수 없습니다. [C:\Develop25\XStateNet\XStateNet2\XStateNet2.Tests\XStateNet2.Tests.csproj]
C:\Develop25\XStateNet\XStateNet2\XStateNet2.Tests\AlwaysTransitionsTests.cs(164,14): warning CS0219: 'doneReached' 할당되었지만 사용되지 않았습니다. [C:\Develop25\XStateNet\XStateNet2\XStateNet2.Tests\XStateNet2.Tests.csproj]
C:\Develop25\XStateNet\XStateNet2\XStateNet2.Tests\CMPSimulator\BufferMachineTests.cs(116,68): warning CS8625: Null 리터럴을 null을 허용하지 않는 참조 형식으로 변환할 수 없습니다. [C:\Develop25\XStateNet\XStateNet2\XStateNet2.Tests\XStateNet2.Tests.csproj]
C:\Develop25\XStateNet\XStateNet2\XStateNet2.Tests\CMPSimulator\WaferFlowIntegrationTests.cs(229,68): warning CS8625: Null 리터럴을 null을 허용하지 않는 참조 형식으로 변환할 수 없습니다. [C:\Develop25\XStateNet\XStateNet2\XStateNet2.Tests\XStateNet2.Tests.csproj]
C:\Develop25\XStateNet\XStateNet2\XStateNet2.Tests\CMPSimulator\WaferFlowIntegrationTests.cs(283,68): warning CS8625: Null 리터럴을 null을 허용하지 않는 참조 형식으로 변환할 수 없습니다. [C:\Develop25\XStateNet\XStateNet2\XStateNet2.Tests\XStateNet2.Tests.csproj]
C:\Develop25\XStateNet\XStateNet2\XStateNet2.Tests\CMPSimulator\WaferFlowIntegrationTests.cs(326,68): warning CS8625: Null 리터럴을 null을 허용하지 않는 참조 형식으로 변환할 수 없습니다. [C:\Develop25\XStateNet\XStateNet2\XStateNet2.Tests\XStateNet2.Tests.csproj]
C:\Develop25\XStateNet\XStateNet2\XStateNet2.Tests\CMPSimulator\BufferMachineTests.cs(157,68): warning CS8625: Null 리터럴을 null을 허용하지 않는 참조 형식으로 변환할 수 없습니다. [C:\Develop25\XStateNet\XStateNet2\XStateNet2.Tests\XStateNet2.Tests.csproj]
C:\Develop25\XStateNet\XStateNet2\XStateNet2.Tests\CMPSimulator\BufferMachineTests.cs(203,68): warning CS8625: Null 리터럴을 null을 허용하지 않는 참조 형식으로 변환할 수 없습니다. [C:\Develop25\XStateNet\XStateNet2\XStateNet2.Tests\XStateNet2.Tests.csproj]
C:\Develop25\XStateNet\XStateNet2\XStateNet2.Tests\CMPSimulator\BufferMachineTests.cs(244,68): warning CS8625: Null 리터럴을 null을 허용하지 않는 참조 형식으로 변환할 수 없습니다. [C:\Develop25\XStateNet\XStateNet2\XStateNet2.Tests\XStateNet2.Tests.csproj]
C:\Develop25\XStateNet\XStateNet2\XStateNet2.Tests\CMPSimulator\BufferMachineTests.cs(272,68): warning CS8625: Null 리터럴을 null을 허용하지 않는 참조 형식으로 변환할 수 없습니다. [C:\Develop25\XStateNet\XStateNet2\XStateNet2.Tests\XStateNet2.Tests.csproj]
C:\Develop25\XStateNet\XStateNet2\XStateNet2.Tests\CMPSimulator\BufferMachineTests.cs(301,68): warning CS8625: Null 리터럴을 null을 허용하지 않는 참조 형식으로 변환할 수 없습니다. [C:\Develop25\XStateNet\XStateNet2\XStateNet2.Tests\XStateNet2.Tests.csproj]
C:\Develop25\XStateNet\XStateNet2\XStateNet2.Tests\CMPSimulator\BufferMachineTests.cs(326,68): warning CS8625: Null 리터럴을 null을 허용하지 않는 참조 형식으로 변환할 수 없습니다. [C:\Develop25\XStateNet\XStateNet2\XStateNet2.Tests\XStateNet2.Tests.csproj]
C:\Develop25\XStateNet\XStateNet2\XStateNet2.Tests\CMPSimulator\CleanerMachineTests.cs(96,68): warning CS8625: Null 리터럴을 null을 허용하지 않는 참조 형식으로 변환할 수 없습니다. [C:\Develop25\XStateNet\XStateNet2\XStateNet2.Tests\XStateNet2.Tests.csproj]
C:\Develop25\XStateNet\XStateNet2\XStateNet2.Tests\CMPSimulator\CleanerMachineTests.cs(129,68): warning CS8625: Null 리터럴을 null을 허용하지 않는 참조 형식으로 변환할 수 없습니다. [C:\Develop25\XStateNet\XStateNet2\XStateNet2.Tests\XStateNet2.Tests.csproj]
C:\Develop25\XStateNet\XStateNet2\XStateNet2.Tests\CMPSimulator\CleanerMachineTests.cs(171,34): warning CS8625: Null 리터럴을 null을 허용하지 않는 참조 형식으로 변환할 수 없습니다. [C:\Develop25\XStateNet\XStateNet2\XStateNet2.Tests\XStateNet2.Tests.csproj]
C:\Develop25\XStateNet\XStateNet2\XStateNet2.Tests\CMPSimulator\CleanerMachineTests.cs(216,68): warning CS8625: Null 리터럴을 null을 허용하지 않는 참조 형식으로 변환할 수 없습니다. [C:\Develop25\XStateNet\XStateNet2\XStateNet2.Tests\XStateNet2.Tests.csproj]
C:\Develop25\XStateNet\XStateNet2\XStateNet2.Tests\CMPSimXS2\Schedulers\StationSingleWaferRuleTests.cs(211,9): warning CS8629: Nullable 값 형식이 null일 수 있습니다. [C:\Develop25\XStateNet\XStateNet2\XStateNet2.Tests\XStateNet2.Tests.csproj]
C:\Develop25\XStateNet\XStateNet2\XStateNet2.Tests\ContextTests.cs(253,38): warning CS8604: 'void InterpreterContext.Set(string key, object value)'의 매개 변수 'value'에 대한 가능한 null 참조 인수입니다. [C:\Develop25\XStateNet\XStateNet2\XStateNet2.Tests\XStateNet2.Tests.csproj]
C:\Develop25\XStateNet\XStateNet2\XStateNet2.Tests\FinalStatesTests.cs(219,14): warning CS0219: 'completeEntered' 할당되었지만 사용되지 않았습니다. [C:\Develop25\XStateNet\XStateNet2\XStateNet2.Tests\XStateNet2.Tests.csproj]
C:\Develop25\XStateNet\XStateNet2\XStateNet2.Tests\FinalStatesTests.cs(274,35): warning CS8604: 'void InterpreterContext.Set(string key, object value)'의 매개 변수 'value'에 대한 가능한 null 참조 인수입니다. [C:\Develop25\XStateNet\XStateNet2\XStateNet2.Tests\XStateNet2.Tests.csproj]
C:\Develop25\XStateNet\XStateNet2\XStateNet2.Tests\CMPSimulator\RobotCoordinationTests.cs(96,34): warning CS8625: Null 리터럴을 null을 허용하지 않는 참조 형식으로 변환할 수 없습니다. [C:\Develop25\XStateNet\XStateNet2\XStateNet2.Tests\XStateNet2.Tests.csproj]
C:\Develop25\XStateNet\XStateNet2\XStateNet2.Tests\CMPSimulator\RobotCoordinationTests.cs(97,40): warning CS8625: Null 리터럴을 null을 허용하지 않는 참조 형식으로 변환할 수 없습니다. [C:\Develop25\XStateNet\XStateNet2\XStateNet2.Tests\XStateNet2.Tests.csproj]
C:\Develop25\XStateNet\XStateNet2\XStateNet2.Tests\CMPSimulator\RobotCoordinationTests.cs(98,38): warning CS8625: Null 리터럴을 null을 허용하지 않는 참조 형식으로 변환할 수 없습니다. [C:\Develop25\XStateNet\XStateNet2\XStateNet2.Tests\XStateNet2.Tests.csproj]
C:\Develop25\XStateNet\XStateNet2\XStateNet2.Tests\CMPSimulator\RobotCoordinationTests.cs(142,34): warning CS8625: Null 리터럴을 null을 허용하지 않는 참조 형식으로 변환할 수 없습니다. [C:\Develop25\XStateNet\XStateNet2\XStateNet2.Tests\XStateNet2.Tests.csproj]
C:\Develop25\XStateNet\XStateNet2\XStateNet2.Tests\CMPSimulator\RobotCoordinationTests.cs(143,40): warning CS8625: Null 리터럴을 null을 허용하지 않는 참조 형식으로 변환할 수 없습니다. [C:\Develop25\XStateNet\XStateNet2\XStateNet2.Tests\XStateNet2.Tests.csproj]
C:\Develop25\XStateNet\XStateNet2\XStateNet2.Tests\CMPSimulator\RobotCoordinationTests.cs(144,38): warning CS8625: Null 리터럴을 null을 허용하지 않는 참조 형식으로 변환할 수 없습니다. [C:\Develop25\XStateNet\XStateNet2\XStateNet2.Tests\XStateNet2.Tests.csproj]
C:\Develop25\XStateNet\XStateNet2\XStateNet2.Tests\CMPSimulator\RobotCoordinationTests.cs(375,34): warning CS8625: Null 리터럴을 null을 허용하지 않는 참조 형식으로 변환할 수 없습니다. [C:\Develop25\XStateNet\XStateNet2\XStateNet2.Tests\XStateNet2.Tests.csproj]
C:\Develop25\XStateNet\XStateNet2\XStateNet2.Tests\CMPSimulator\RobotCoordinationTests.cs(376,40): warning CS8625: Null 리터럴을 null을 허용하지 않는 참조 형식으로 변환할 수 없습니다. [C:\Develop25\XStateNet\XStateNet2\XStateNet2.Tests\XStateNet2.Tests.csproj]
C:\Develop25\XStateNet\XStateNet2\XStateNet2.Tests\CMPSimulator\RobotCoordinationTests.cs(377,38): warning CS8625: Null 리터럴을 null을 허용하지 않는 참조 형식으로 변환할 수 없습니다. [C:\Develop25\XStateNet\XStateNet2\XStateNet2.Tests\XStateNet2.Tests.csproj]
C:\Develop25\XStateNet\XStateNet2\XStateNet2.Tests\CMPSimulator\PolisherMachineTests.cs(101,68): warning CS8625: Null 리터럴을 null을 허용하지 않는 참조 형식으로 변환할 수 없습니다. [C:\Develop25\XStateNet\XStateNet2\XStateNet2.Tests\XStateNet2.Tests.csproj]
C:\Develop25\XStateNet\XStateNet2\XStateNet2.Tests\CMPSimulator\PolisherMachineTests.cs(137,68): warning CS8625: Null 리터럴을 null을 허용하지 않는 참조 형식으로 변환할 수 없습니다. [C:\Develop25\XStateNet\XStateNet2\XStateNet2.Tests\XStateNet2.Tests.csproj]
C:\Develop25\XStateNet\XStateNet2\XStateNet2.Tests\CMPSimulator\PolisherMachineTests.cs(174,68): warning CS8625: Null 리터럴을 null을 허용하지 않는 참조 형식으로 변환할 수 없습니다. [C:\Develop25\XStateNet\XStateNet2\XStateNet2.Tests\XStateNet2.Tests.csproj]
C:\Develop25\XStateNet\XStateNet2\XStateNet2.Tests\CMPSimulator\PolisherMachineTests.cs(224,34): warning CS8625: Null 리터럴을 null을 허용하지 않는 참조 형식으로 변환할 수 없습니다. [C:\Develop25\XStateNet\XStateNet2\XStateNet2.Tests\XStateNet2.Tests.csproj]
C:\Develop25\XStateNet\XStateNet2\XStateNet2.Tests\CMPSimulator\PolisherMachineTests.cs(271,68): warning CS8625: Null 리터럴을 null을 허용하지 않는 참조 형식으로 변환할 수 없습니다. [C:\Develop25\XStateNet\XStateNet2\XStateNet2.Tests\XStateNet2.Tests.csproj]
C:\Develop25\XStateNet\XStateNet2\XStateNet2.Tests\CMPSimulator\MasterSchedulerTests.cs(949,43): warning CS8625: Null 리터럴을 null을 허용하지 않는 참조 형식으로 변환할 수 없습니다. [C:\Develop25\XStateNet\XStateNet2\XStateNet2.Tests\XStateNet2.Tests.csproj]
C:\Develop25\XStateNet\XStateNet2\XStateNet2.Tests\CMPSimulator\PolisherMachineTests.cs(317,68): warning CS8625: Null 리터럴을 null을 허용하지 않는 참조 형식으로 변환할 수 없습니다. [C:\Develop25\XStateNet\XStateNet2\XStateNet2.Tests\XStateNet2.Tests.csproj]
C:\Develop25\XStateNet\XStateNet2\XStateNet2.Tests\CMPSimulator\PolisherMachineTests.cs(347,68): warning CS8625: Null 리터럴을 null을 허용하지 않는 참조 형식으로 변환할 수 없습니다. [C:\Develop25\XStateNet\XStateNet2\XStateNet2.Tests\XStateNet2.Tests.csproj]
C:\Develop25\XStateNet\XStateNet2\XStateNet2.Tests\CMPSimulator\MasterSchedulerTests.cs(1011,43): warning CS8625: Null 리터럴을 null을 허용하지 않는 참조 형식으로 변환할 수 없습니다. [C:\Develop25\XStateNet\XStateNet2\XStateNet2.Tests\XStateNet2.Tests.csproj]
C:\Develop25\XStateNet\XStateNet2\XStateNet2.Tests\CMPSimulator\PolisherMachineTests.cs(387,68): warning CS8625: Null 리터럴을 null을 허용하지 않는 참조 형식으로 변환할 수 없습니다. [C:\Develop25\XStateNet\XStateNet2\XStateNet2.Tests\XStateNet2.Tests.csproj]
C:\Develop25\XStateNet\XStateNet2\XStateNet2.Tests\CMPSimulator\MasterSchedulerTests.cs(1086,43): warning CS8625: Null 리터럴을 null을 허용하지 않는 참조 형식으로 변환할 수 없습니다. [C:\Develop25\XStateNet\XStateNet2\XStateNet2.Tests\XStateNet2.Tests.csproj]
C:\Develop25\XStateNet\XStateNet2\XStateNet2.Tests\InvokeServiceTests.cs(281,37): warning CS8604: 'void InterpreterContext.Set(string key, object value)'의 매개 변수 'value'에 대한 가능한 null 참조 인수입니다. [C:\Develop25\XStateNet\XStateNet2\XStateNet2.Tests\XStateNet2.Tests.csproj]
C:\Develop25\XStateNet\XStateNet2\XStateNet2.Tests\PerformanceComparisonTests.cs(44,21): error CS7036: 'ICanTell.Tell(object, IActorRef)'의 필수 매개 변수 'sender'에 해당하는 인수가 없습니다. [C:\Develop25\XStateNet\XStateNet2\XStateNet2.Tests\XStateNet2.Tests.csproj]
C:\Develop25\XStateNet\XStateNet2\XStateNet2.Tests\PerformanceComparisonTests.cs(45,21): error CS7036: 'ICanTell.Tell(object, IActorRef)'의 필수 매개 변수 'sender'에 해당하는 인수가 없습니다. [C:\Develop25\XStateNet\XStateNet2\XStateNet2.Tests\XStateNet2.Tests.csproj]
C:\Develop25\XStateNet\XStateNet2\XStateNet2.Tests\PerformanceComparisonTests.cs(55,21): error CS7036: 'ICanTell.Tell(object, IActorRef)'의 필수 매개 변수 'sender'에 해당하는 인수가 없습니다. [C:\Develop25\XStateNet\XStateNet2\XStateNet2.Tests\XStateNet2.Tests.csproj]
C:\Develop25\XStateNet\XStateNet2\XStateNet2.Tests\PerformanceComparisonTests.cs(56,21): error CS7036: 'ICanTell.Tell(object, IActorRef)'의 필수 매개 변수 'sender'에 해당하는 인수가 없습니다. [C:\Develop25\XStateNet\XStateNet2\XStateNet2.Tests\XStateNet2.Tests.csproj]
C:\Develop25\XStateNet\XStateNet2\XStateNet2.Tests\PerformanceComparisonTests.cs(98,29): error CS1061: 'IActorRef'에는 'Ask'에 대한 정의가 포함되어 있지 않고, 'IActorRef' 형식의 첫 번째 인수를 허용하는 액세스 가능한 확장 메서드 'Ask'이(가) 없습니다. using 지시문 또는 어셈블리 참조가 있는지 확인하세요. [C:\Develop25\XStateNet\XStateNet2\XStateNet2.Tests\XStateNet2.Tests.csproj]
C:\Develop25\XStateNet\XStateNet2\XStateNet2.Tests\PerformanceComparisonTests.cs(108,36): error CS1061: 'IActorRef'에는 'Ask'에 대한 정의가 포함되어 있지 않고, 'IActorRef' 형식의 첫 번째 인수를 허용하는 액세스 가능한 확장 메서드 'Ask'이(가) 없습니다. using 지시문 또는 어셈블리 참조가 있는지 확인하세요. [C:\Develop25\XStateNet\XStateNet2\XStateNet2.Tests\XStateNet2.Tests.csproj]
C:\Develop25\XStateNet\XStateNet2\XStateNet2.Tests\PerformanceComparisonTests.cs(168,25): error CS7036: 'ICanTell.Tell(object, IActorRef)'의 필수 매개 변수 'sender'에 해당하는 인수가 없습니다. [C:\Develop25\XStateNet\XStateNet2\XStateNet2.Tests\XStateNet2.Tests.csproj]
C:\Develop25\XStateNet\XStateNet2\XStateNet2.Tests\PerformanceComparisonTests.cs(169,25): error CS7036: 'ICanTell.Tell(object, IActorRef)'의 필수 매개 변수 'sender'에 해당하는 인수가 없습니다. [C:\Develop25\XStateNet\XStateNet2\XStateNet2.Tests\XStateNet2.Tests.csproj]
C:\Develop25\XStateNet\XStateNet2\XStateNet2.Tests\PerformanceComparisonTests.cs(280,21): error CS7036: 'ICanTell.Tell(object, IActorRef)'의 필수 매개 변수 'sender'에 해당하는 인수가 없습니다. [C:\Develop25\XStateNet\XStateNet2\XStateNet2.Tests\XStateNet2.Tests.csproj]
C:\Develop25\XStateNet\XStateNet2\XStateNet2.Tests\PerformanceComparisonTests.cs(281,21): error CS7036: 'ICanTell.Tell(object, IActorRef)'의 필수 매개 변수 'sender'에 해당하는 인수가 없습니다. [C:\Develop25\XStateNet\XStateNet2\XStateNet2.Tests\XStateNet2.Tests.csproj]
C:\Develop25\XStateNet\XStateNet2\XStateNet2.Tests\PerformanceComparisonTests.cs(282,21): error CS7036: 'ICanTell.Tell(object, IActorRef)'의 필수 매개 변수 'sender'에 해당하는 인수가 없습니다. [C:\Develop25\XStateNet\XStateNet2\XStateNet2.Tests\XStateNet2.Tests.csproj]
C:\Develop25\XStateNet\XStateNet2\XStateNet2.Tests\PerformanceComparisonTests.cs(292,21): error CS7036: 'ICanTell.Tell(object, IActorRef)'의 필수 매개 변수 'sender'에 해당하는 인수가 없습니다. [C:\Develop25\XStateNet\XStateNet2\XStateNet2.Tests\XStateNet2.Tests.csproj]
C:\Develop25\XStateNet\XStateNet2\XStateNet2.Tests\PerformanceComparisonTests.cs(293,21): error CS7036: 'ICanTell.Tell(object, IActorRef)'의 필수 매개 변수 'sender'에 해당하는 인수가 없습니다. [C:\Develop25\XStateNet\XStateNet2\XStateNet2.Tests\XStateNet2.Tests.csproj]
C:\Develop25\XStateNet\XStateNet2\XStateNet2.Tests\PerformanceComparisonTests.cs(294,21): error CS7036: 'ICanTell.Tell(object, IActorRef)'의 필수 매개 변수 'sender'에 해당하는 인수가 없습니다. [C:\Develop25\XStateNet\XStateNet2\XStateNet2.Tests\XStateNet2.Tests.csproj]
C:\Develop25\XStateNet\XStateNet2\XStateNet2.Tests\CMPSimulator\MultiCarrierThroughputTests.cs(454,68): warning CS8625: Null 리터럴을 null을 허용하지 않는 참조 형식으로 변환할 수 없습니다. [C:\Develop25\XStateNet\XStateNet2\XStateNet2.Tests\XStateNet2.Tests.csproj]
C:\Develop25\XStateNet\XStateNet2\XStateNet2.Tests\CMPSimulator\MultiCarrierThroughputTests.cs(489,68): warning CS8625: Null 리터럴을 null을 허용하지 않는 참조 형식으로 변환할 수 없습니다. [C:\Develop25\XStateNet\XStateNet2\XStateNet2.Tests\XStateNet2.Tests.csproj]
C:\Develop25\XStateNet\XStateNet2\XStateNet2.Tests\CMPSimulator\MultiCarrierThroughputTests.cs(521,68): warning CS8625: Null 리터럴을 null을 허용하지 않는 참조 형식으로 변환할 수 없습니다. [C:\Develop25\XStateNet\XStateNet2\XStateNet2.Tests\XStateNet2.Tests.csproj]
C:\Develop25\XStateNet\XStateNet2\XStateNet2.Tests\ActorModelTests.cs(190,92): warning xUnit1031: Test methods should not use blocking task operations, as they can cause deadlocks. Use an async test method and await instead. (https://xunit.net/xunit.analyzers/rules/xUnit1031) [C:\Develop25\XStateNet\XStateNet2\XStateNet2.Tests\XStateNet2.Tests.csproj]
C:\Develop25\XStateNet\XStateNet2\XStateNet2.Tests\ActorModelTests.cs(312,92): warning xUnit1031: Test methods should not use blocking task operations, as they can cause deadlocks. Use an async test method and await instead. (https://xunit.net/xunit.analyzers/rules/xUnit1031) [C:\Develop25\XStateNet\XStateNet2\XStateNet2.Tests\XStateNet2.Tests.csproj]
C:\Develop25\XStateNet\XStateNet2\XStateNet2.Tests\ActorModelTests.cs(386,97): warning xUnit1031: Test methods should not use blocking task operations, as they can cause deadlocks. Use an async test method and await instead. (https://xunit.net/xunit.analyzers/rules/xUnit1031) [C:\Develop25\XStateNet\XStateNet2\XStateNet2.Tests\XStateNet2.Tests.csproj]
C:\Develop25\XStateNet\XStateNet2\XStateNet2.Tests\CMPSimulator\RobotSchedulerTests.cs(66,24): warning xUnit1031: Test methods should not use blocking task operations, as they can cause deadlocks. Use an async test method and await instead. (https://xunit.net/xunit.analyzers/rules/xUnit1031) [C:\Develop25\XStateNet\XStateNet2\XStateNet2.Tests\XStateNet2.Tests.csproj]
C:\Develop25\XStateNet\XStateNet2\XStateNet2.Tests\CMPSimulator\RobotSchedulerTests.cs(134,24): warning xUnit1031: Test methods should not use blocking task operations, as they can cause deadlocks. Use an async test method and await instead. (https://xunit.net/xunit.analyzers/rules/xUnit1031) [C:\Develop25\XStateNet\XStateNet2\XStateNet2.Tests\XStateNet2.Tests.csproj]
C:\Develop25\XStateNet\XStateNet2\XStateNet2.Tests\MetadataTests.cs(112,92): warning xUnit1031: Test methods should not use blocking task operations, as they can cause deadlocks. Use an async test method and await instead. (https://xunit.net/xunit.analyzers/rules/xUnit1031) [C:\Develop25\XStateNet\XStateNet2\XStateNet2.Tests\XStateNet2.Tests.csproj]
C:\Develop25\XStateNet\XStateNet2\XStateNet2.Tests\MetadataTests.cs(46,92): warning xUnit1031: Test methods should not use blocking task operations, as they can cause deadlocks. Use an async test method and await instead. (https://xunit.net/xunit.analyzers/rules/xUnit1031) [C:\Develop25\XStateNet\XStateNet2\XStateNet2.Tests\XStateNet2.Tests.csproj]
C:\Develop25\XStateNet\XStateNet2\XStateNet2.Tests\MetadataTests.cs(70,88): warning xUnit1031: Test methods should not use blocking task operations, as they can cause deadlocks. Use an async test method and await instead. (https://xunit.net/xunit.analyzers/rules/xUnit1031) [C:\Develop25\XStateNet\XStateNet2\XStateNet2.Tests\XStateNet2.Tests.csproj]
C:\Develop25\XStateNet\XStateNet2\XStateNet2.Tests\MetadataTests.cs(148,92): warning xUnit1031: Test methods should not use blocking task operations, as they can cause deadlocks. Use an async test method and await instead. (https://xunit.net/xunit.analyzers/rules/xUnit1031) [C:\Develop25\XStateNet\XStateNet2\XStateNet2.Tests\XStateNet2.Tests.csproj]
C:\Develop25\XStateNet\XStateNet2\XStateNet2.Tests\MetadataTests.cs(158,88): warning xUnit1031: Test methods should not use blocking task operations, as they can cause deadlocks. Use an async test method and await instead. (https://xunit.net/xunit.analyzers/rules/xUnit1031) [C:\Develop25\XStateNet\XStateNet2\XStateNet2.Tests\XStateNet2.Tests.csproj]
C:\Develop25\XStateNet\XStateNet2\XStateNet2.Tests\MetadataTests.cs(189,92): warning xUnit1031: Test methods should not use blocking task operations, as they can cause deadlocks. Use an async test method and await instead. (https://xunit.net/xunit.analyzers/rules/xUnit1031) [C:\Develop25\XStateNet\XStateNet2\XStateNet2.Tests\XStateNet2.Tests.csproj]
C:\Develop25\XStateNet\XStateNet2\XStateNet2.Tests\MetadataTests.cs(202,88): warning xUnit1031: Test methods should not use blocking task operations, as they can cause deadlocks. Use an async test method and await instead. (https://xunit.net/xunit.analyzers/rules/xUnit1031) [C:\Develop25\XStateNet\XStateNet2\XStateNet2.Tests\XStateNet2.Tests.csproj]
C:\Develop25\XStateNet\XStateNet2\XStateNet2.Tests\MetadataTests.cs(238,92): warning xUnit1031: Test methods should not use blocking task operations, as they can cause deadlocks. Use an async test method and await instead. (https://xunit.net/xunit.analyzers/rules/xUnit1031) [C:\Develop25\XStateNet\XStateNet2\XStateNet2.Tests\XStateNet2.Tests.csproj]
C:\Develop25\XStateNet\XStateNet2\XStateNet2.Tests\MetadataTests.cs(278,92): warning xUnit1031: Test methods should not use blocking task operations, as they can cause deadlocks. Use an async test method and await instead. (https://xunit.net/xunit.analyzers/rules/xUnit1031) [C:\Develop25\XStateNet\XStateNet2\XStateNet2.Tests\XStateNet2.Tests.csproj]
C:\Develop25\XStateNet\XStateNet2\XStateNet2.Tests\MetadataTests.cs(289,88): warning xUnit1031: Test methods should not use blocking task operations, as they can cause deadlocks. Use an async test method and await instead. (https://xunit.net/xunit.analyzers/rules/xUnit1031) [C:\Develop25\XStateNet\XStateNet2\XStateNet2.Tests\XStateNet2.Tests.csproj]
C:\Develop25\XStateNet\XStateNet2\XStateNet2.Tests\MetadataTests.cs(325,92): warning xUnit1031: Test methods should not use blocking task operations, as they can cause deadlocks. Use an async test method and await instead. (https://xunit.net/xunit.analyzers/rules/xUnit1031) [C:\Develop25\XStateNet\XStateNet2\XStateNet2.Tests\XStateNet2.Tests.csproj]
C:\Develop25\XStateNet\XStateNet2\XStateNet2.Tests\MetadataTests.cs(334,88): warning xUnit1031: Test methods should not use blocking task operations, as they can cause deadlocks. Use an async test method and await instead. (https://xunit.net/xunit.analyzers/rules/xUnit1031) [C:\Develop25\XStateNet\XStateNet2\XStateNet2.Tests\XStateNet2.Tests.csproj]
C:\Develop25\XStateNet\XStateNet2\XStateNet2.Tests\MetadataTests.cs(377,92): warning xUnit1031: Test methods should not use blocking task operations, as they can cause deadlocks. Use an async test method and await instead. (https://xunit.net/xunit.analyzers/rules/xUnit1031) [C:\Develop25\XStateNet\XStateNet2\XStateNet2.Tests\XStateNet2.Tests.csproj]
C:\Develop25\XStateNet\XStateNet2\XStateNet2.Tests\MetadataTests.cs(395,88): warning xUnit1031: Test methods should not use blocking task operations, as they can cause deadlocks. Use an async test method and await instead. (https://xunit.net/xunit.analyzers/rules/xUnit1031) [C:\Develop25\XStateNet\XStateNet2\XStateNet2.Tests\XStateNet2.Tests.csproj]

워크로드 업데이트를 사용할 수 있습니다. 자세한 내용을 보려면 `dotnet workload list`을 실행하세요.
